<?xml version="1.0" encoding="UTF-8"?><testrun name="LibraryServiceImplTest" project="LibraryManagementSystemSpring" tests="14" started="14" failures="1" errors="0" ignored="0">
  <testsuite name="com.cg.library.tests.LibraryServiceImplTest" time="0.004">
    <testcase name="testAddUser" classname="com.cg.library.tests.LibraryServiceImplTest" time="0.001"/>
    <testcase name="testSearchBookByName" classname="com.cg.library.tests.LibraryServiceImplTest" time="0.0"/>
    <testcase name="testDeleteBookById" classname="com.cg.library.tests.LibraryServiceImplTest" time="0.0"/>
    <testcase name="testGetAllBooks" classname="com.cg.library.tests.LibraryServiceImplTest" time="0.0"/>
    <testcase name="testGetBookById" classname="com.cg.library.tests.LibraryServiceImplTest" time="0.0"/>
    <testcase name="testGetUserDetails" classname="com.cg.library.tests.LibraryServiceImplTest" time="0.0"/>
    <testcase name="testGetAllRequest" classname="com.cg.library.tests.LibraryServiceImplTest" time="0.0"/>
    <testcase name="testInsertBook" classname="com.cg.library.tests.LibraryServiceImplTest" time="0.0"/>
    <testcase name="testRequestBook" classname="com.cg.library.tests.LibraryServiceImplTest" time="0.0">
      <failure>java.lang.AssertionError: expected:&lt;BookRegistration [registrationId=12, bookId=123, userId=1234, registrationDate=2017-11-13, status=pending]&gt; but was:&lt;null&gt;&#13;
	at org.junit.Assert.fail(Assert.java:88)&#13;
	at org.junit.Assert.failNotEquals(Assert.java:743)&#13;
	at org.junit.Assert.assertEquals(Assert.java:118)&#13;
	at org.junit.Assert.assertEquals(Assert.java:144)&#13;
	at com.cg.library.tests.LibraryServiceImplTest.testRequestBook(LibraryServiceImplTest.java:140)&#13;
	at sun.reflect.NativeMethodAccessorImpl.invoke0(Native Method)&#13;
	at sun.reflect.NativeMethodAccessorImpl.invoke(Unknown Source)&#13;
	at sun.reflect.DelegatingMethodAccessorImpl.invoke(Unknown Source)&#13;
	at java.lang.reflect.Method.invoke(Unknown Source)&#13;
	at org.junit.runners.model.FrameworkMethod$1.runReflectiveCall(FrameworkMethod.java:47)&#13;
	at org.junit.internal.runners.model.ReflectiveCallable.run(ReflectiveCallable.java:12)&#13;
	at org.junit.runners.model.FrameworkMethod.invokeExplosively(FrameworkMethod.java:44)&#13;
	at org.junit.internal.runners.statements.InvokeMethod.evaluate(InvokeMethod.java:17)&#13;
	at org.junit.internal.runners.statements.RunBefores.evaluate(RunBefores.java:26)&#13;
	at org.junit.runners.ParentRunner.runLeaf(ParentRunner.java:271)&#13;
	at org.junit.runners.BlockJUnit4ClassRunner.runChild(BlockJUnit4ClassRunner.java:70)&#13;
	at org.junit.runners.BlockJUnit4ClassRunner.runChild(BlockJUnit4ClassRunner.java:50)&#13;
	at org.junit.runners.ParentRunner$3.run(ParentRunner.java:238)&#13;
	at org.junit.runners.ParentRunner$1.schedule(ParentRunner.java:63)&#13;
	at org.junit.runners.ParentRunner.runChildren(ParentRunner.java:236)&#13;
	at org.junit.runners.ParentRunner.access$000(ParentRunner.java:53)&#13;
	at org.junit.runners.ParentRunner$2.evaluate(ParentRunner.java:229)&#13;
	at org.junit.runners.ParentRunner.run(ParentRunner.java:309)&#13;
	at org.mockito.internal.runners.JUnit45AndHigherRunnerImpl.run(JUnit45AndHigherRunnerImpl.java:37)&#13;
	at org.mockito.runners.MockitoJUnitRunner.run(MockitoJUnitRunner.java:62)&#13;
	at org.eclipse.jdt.internal.junit4.runner.JUnit4TestReference.run(JUnit4TestReference.java:50)&#13;
	at org.eclipse.jdt.internal.junit.runner.TestExecution.run(TestExecution.java:38)&#13;
	at org.eclipse.jdt.internal.junit.runner.RemoteTestRunner.runTests(RemoteTestRunner.java:459)&#13;
	at org.eclipse.jdt.internal.junit.runner.RemoteTestRunner.runTests(RemoteTestRunner.java:675)&#13;
	at org.eclipse.jdt.internal.junit.runner.RemoteTestRunner.run(RemoteTestRunner.java:382)&#13;
	at org.eclipse.jdt.internal.junit.runner.RemoteTestRunner.main(RemoteTestRunner.java:192)&#13;
&#13;
</failure>
    </testcase>
    <testcase name="testSearchBookByAuthor" classname="com.cg.library.tests.LibraryServiceImplTest" time="0.0"/>
    <testcase name="testReturnBook" classname="com.cg.library.tests.LibraryServiceImplTest" time="0.0"/>
    <testcase name="testIssueBook" classname="com.cg.library.tests.LibraryServiceImplTest" time="0.001"/>
    <testcase name="testGetRequestByStatus" classname="com.cg.library.tests.LibraryServiceImplTest" time="0.001"/>
    <testcase name="testValidateUser" classname="com.cg.library.tests.LibraryServiceImplTest" time="0.001"/>
  </testsuite>
</testrun>
